<?xml version="1.0" encoding="UTF-8"?>
<!-- Generated by org.testng.reporters.JUnitReportReporter -->
<testsuite hostname="Losuinda" failures="0" tests="1" name="testcases.SuccesLoginTest" time="7.253" errors="0" timestamp="2024-09-28T18:00:15 CEST" skipped="0">
  <testcase classname="testcases.SuccesLoginTest" name="sucessLogin" time="7.253"/>
</testsuite> <!-- testcases.SuccesLoginTest -->
