<?xml version="1.0" encoding="UTF-8"?>
<!-- Generated by org.testng.reporters.JUnitReportReporter -->
<testsuite hostname="Losuinda" failures="0" tests="1" name="testcases.InvalidLoginTestCase" time="1.861" errors="0" timestamp="2024-09-28T18:44:39 CEST" skipped="0">
  <testcase classname="testcases.InvalidLoginTestCase" name="invalidlogin" time="1.861"/>
</testsuite> <!-- testcases.InvalidLoginTestCase -->
